============================================
FIDUCIAL AUTO-RESUME SCRIPT
============================================
Started: Mon May 11 11:57:42 EDT 2026

Waiting for original fiducial training to complete...
  [11:57:43] Training still running... checking again in 60s
  [11:58:43] Training still running... checking again in 60s
  [11:59:43] Training still running... checking again in 60s
  [12:00:43] Training still running... checking again in 60s
  [12:01:43] Training still running... checking again in 60s
  [12:02:43] Training still running... checking again in 60s
  [12:03:43] Training still running... checking again in 60s
  [12:04:43] Training still running... checking again in 60s
  [12:05:43] Training still running... checking again in 60s
  [12:06:44] Training still running... checking again in 60s
  [12:07:44] Training still running... checking again in 60s
  [12:08:44] Training still running... checking again in 60s
  [12:09:44] Training still running... checking again in 60s
  [12:10:44] Training still running... checking again in 60s
  [12:11:44] Training still running... checking again in 60s
  [12:12:44] Training still running... checking again in 60s
  [12:13:44] Training still running... checking again in 60s
  [12:14:44] Training still running... checking again in 60s
  [12:15:44] Training still running... checking again in 60s
  [12:16:44] Training still running... checking again in 60s
  [12:17:45] Training still running... checking again in 60s
  [12:18:45] Training still running... checking again in 60s
  [12:19:45] Training still running... checking again in 60s
  [12:20:45] Training still running... checking again in 60s
  [12:21:46] Training still running... checking again in 60s
  [12:22:46] Training still running... checking again in 60s
  [12:23:46] Training still running... checking again in 60s
  [12:24:46] Training still running... checking again in 60s
  [12:25:47] Training still running... checking again in 60s
  [12:26:48] Training still running... checking again in 60s
  [12:27:48] Training still running... checking again in 60s
  [12:28:48] Training still running... checking again in 60s
  [12:29:48] Training still running... checking again in 60s
  [12:30:48] Training still running... checking again in 60s
  [12:31:49] Training still running... checking again in 60s
  [12:32:50] Training still running... checking again in 60s
  [12:33:50] Training still running... checking again in 60s
  [12:34:50] Training still running... checking again in 60s
  [12:35:51] Training still running... checking again in 60s
  [12:36:51] Training still running... checking again in 60s
  [12:37:52] Training still running... checking again in 60s
  [12:38:53] Training still running... checking again in 60s
  [12:39:53] Training still running... checking again in 60s
  [12:40:54] Training still running... checking again in 60s
  [12:41:55] Training still running... checking again in 60s
  [12:42:55] Training still running... checking again in 60s
  [12:43:55] Training still running... checking again in 60s
  [12:44:55] Training still running... checking again in 60s
  [12:45:55] Training still running... checking again in 60s
  [12:46:55] Training still running... checking again in 60s
  [12:47:55] Training still running... checking again in 60s
  [12:48:55] Training still running... checking again in 60s
  [12:49:56] Training still running... checking again in 60s
  [12:50:56] Training still running... checking again in 60s
  [12:51:57] Training still running... checking again in 60s
  [12:52:57] Training still running... checking again in 60s
  [12:53:57] Training still running... checking again in 60s
  [12:54:57] Training still running... checking again in 60s
  [12:55:58] Training still running... checking again in 60s
  [12:56:58] Training still running... checking again in 60s
  [12:57:58] Training still running... checking again in 60s
  [12:58:58] Training still running... checking again in 60s
  [12:59:58] Training still running... checking again in 60s
  [13:00:58] Training still running... checking again in 60s
  [13:01:58] Training still running... checking again in 60s
  [13:02:58] Training still running... checking again in 60s
  [13:03:58] Training still running... checking again in 60s
  [13:04:58] Training still running... checking again in 60s
  [13:05:59] Training still running... checking again in 60s
  [13:06:59] Training still running... checking again in 60s
  [13:07:59] Training still running... checking again in 60s
  [13:08:59] Training still running... checking again in 60s
  [13:09:59] Training still running... checking again in 60s
  [13:10:59] Training still running... checking again in 60s
  [13:12:00] Training still running... checking again in 60s
  [13:13:00] Training still running... checking again in 60s
  [13:14:00] Training still running... checking again in 60s
  [13:15:00] Training still running... checking again in 60s
  [13:16:00] Training still running... checking again in 60s
  [13:17:00] Training still running... checking again in 60s
  [13:18:00] Training still running... checking again in 60s
  [13:19:00] Training still running... checking again in 60s
  [13:20:00] Training still running... checking again in 60s
  [13:21:00] Training still running... checking again in 60s
  [13:22:01] Training still running... checking again in 60s
  [13:23:01] Training still running... checking again in 60s
  [13:24:01] Training still running... checking again in 60s
  [13:25:01] Training still running... checking again in 60s
  [13:26:01] Training still running... checking again in 60s
  [13:27:01] Training still running... checking again in 60s
  [13:28:01] Training still running... checking again in 60s
  [13:29:01] Training still running... checking again in 60s
  [13:30:01] Training still running... checking again in 60s
  [13:31:02] Training still running... checking again in 60s
  [13:32:02] Training still running... checking again in 60s
  [13:33:02] Training still running... checking again in 60s
  [13:34:02] Training still running... checking again in 60s
  [13:35:02] Training still running... checking again in 60s
  [13:36:02] Training still running... checking again in 60s
  [13:37:02] Training still running... checking again in 60s
  [13:38:02] Training still running... checking again in 60s
  [13:39:02] Training still running... checking again in 60s
  [13:40:02] Training still running... checking again in 60s
  [13:41:03] Training still running... checking again in 60s
  [13:42:03] Training still running... checking again in 60s
  [13:43:03] Training still running... checking again in 60s
  [13:44:03] Training still running... checking again in 60s
  [13:45:03] Training still running... checking again in 60s
  [13:46:03] Training still running... checking again in 60s
  [13:47:03] Training still running... checking again in 60s
  [13:48:04] Training still running... checking again in 60s
  [13:49:04] Training still running... checking again in 60s
  [13:50:04] Training still running... checking again in 60s
  [13:51:04] Training still running... checking again in 60s
  [13:52:04] Training still running... checking again in 60s
  [13:53:05] Training still running... checking again in 60s
  [13:54:05] Training still running... checking again in 60s
  [13:55:05] Training still running... checking again in 60s
  [13:56:05] Training still running... checking again in 60s
  [13:57:05] Training still running... checking again in 60s
  [13:58:05] Training still running... checking again in 60s
  [13:59:05] Training still running... checking again in 60s
  [14:00:05] Training still running... checking again in 60s
  [14:01:06] Training still running... checking again in 60s
  [14:02:06] Training still running... checking again in 60s
  [14:03:06] Training still running... checking again in 60s
  [14:04:06] Training still running... checking again in 60s
  [14:05:06] Training still running... checking again in 60s
  [14:06:06] Training still running... checking again in 60s
  [14:07:06] Training still running... checking again in 60s
  [14:08:07] Training still running... checking again in 60s
  [14:09:07] Training still running... checking again in 60s
  [14:10:07] Training still running... checking again in 60s
  [14:11:07] Training still running... checking again in 60s
  [14:12:07] Training still running... checking again in 60s
  [14:13:07] Training still running... checking again in 60s
  [14:14:07] Training still running... checking again in 60s
  [14:15:07] Training still running... checking again in 60s
  [14:16:08] Training still running... checking again in 60s
  [14:17:08] Training still running... checking again in 60s
  [14:18:08] Training still running... checking again in 60s
  [14:19:08] Training still running... checking again in 60s
  [14:20:08] Training still running... checking again in 60s
  [14:21:08] Training still running... checking again in 60s
  [14:22:08] Training still running... checking again in 60s
  [14:23:09] Training still running... checking again in 60s
  [14:24:09] Training still running... checking again in 60s
  [14:25:09] Training still running... checking again in 60s
  [14:26:09] Training still running... checking again in 60s
  [14:27:09] Training still running... checking again in 60s
  [14:28:09] Training still running... checking again in 60s
  [14:29:09] Training still running... checking again in 60s
  [14:30:09] Training still running... checking again in 60s
  [14:31:09] Training still running... checking again in 60s
  [14:32:10] Training still running... checking again in 60s
  [14:33:10] Training still running... checking again in 60s
  [14:34:10] Training still running... checking again in 60s
  [14:35:10] Training still running... checking again in 60s
  [14:36:11] Training still running... checking again in 60s
  [14:37:11] Training still running... checking again in 60s
  [14:38:11] Training still running... checking again in 60s
  [14:39:11] Training still running... checking again in 60s
  [14:40:11] Training still running... checking again in 60s
  [14:41:11] Training still running... checking again in 60s
  [14:42:11] Training still running... checking again in 60s
  [14:43:12] Training still running... checking again in 60s
  [14:44:12] Training still running... checking again in 60s
  [14:45:12] Training still running... checking again in 60s
  [14:46:12] Training still running... checking again in 60s
  [14:47:12] Training still running... checking again in 60s
  [14:48:12] Training still running... checking again in 60s
  [14:49:12] Training still running... checking again in 60s
  [14:50:12] Training still running... checking again in 60s
  [14:51:12] Training still running... checking again in 60s
  [14:52:12] Training still running... checking again in 60s
  [14:53:12] Training still running... checking again in 60s
  [14:54:13] Training still running... checking again in 60s
  [14:55:13] Training still running... checking again in 60s
  [14:56:13] Training still running... checking again in 60s
  [14:57:13] Training still running... checking again in 60s
  [14:58:14] Training still running... checking again in 60s
  [14:59:14] Training still running... checking again in 60s
  [15:00:14] Training still running... checking again in 60s
  [15:01:14] Training still running... checking again in 60s
  [15:02:14] Training still running... checking again in 60s
  [15:03:14] Training still running... checking again in 60s
  [15:04:15] Training still running... checking again in 60s
  [15:05:15] Training still running... checking again in 60s
  [15:06:15] Training still running... checking again in 60s
  [15:07:15] Training still running... checking again in 60s
  [15:08:15] Training still running... checking again in 60s
  [15:09:15] Training still running... checking again in 60s
  [15:10:15] Training still running... checking again in 60s
  [15:11:15] Training still running... checking again in 60s
  [15:12:16] Training still running... checking again in 60s
  [15:13:16] Training still running... checking again in 60s
  [15:14:16] Training still running... checking again in 60s
  [15:15:16] Training still running... checking again in 60s
  [15:16:16] Training still running... checking again in 60s
  [15:17:16] Training still running... checking again in 60s
  [15:18:16] Training still running... checking again in 60s
  [15:19:16] Training still running... checking again in 60s
  [15:20:16] Training still running... checking again in 60s
  [15:21:16] Training still running... checking again in 60s
  [15:22:16] Training still running... checking again in 60s
  [15:23:17] Training still running... checking again in 60s
  [15:24:17] Training still running... checking again in 60s
  [15:25:17] Training still running... checking again in 60s
  [15:26:17] Training still running... checking again in 60s
  [15:27:17] Training still running... checking again in 60s
  [15:28:17] Training still running... checking again in 60s
  [15:29:17] Training still running... checking again in 60s
  [15:30:17] Training still running... checking again in 60s
  [15:31:18] Training still running... checking again in 60s
  [15:32:18] Training still running... checking again in 60s
  [15:33:18] Training still running... checking again in 60s
  [15:34:18] Training still running... checking again in 60s
  [15:35:18] Training still running... checking again in 60s
  [15:36:18] Training still running... checking again in 60s
  [15:37:18] Training still running... checking again in 60s
  [15:38:18] Training still running... checking again in 60s
  [15:39:18] Training still running... checking again in 60s
  [15:40:18] Training still running... checking again in 60s
  [15:41:19] Training still running... checking again in 60s
  [15:42:19] Training still running... checking again in 60s
  [15:43:19] Training still running... checking again in 60s
  [15:44:19] Training still running... checking again in 60s
  [15:45:19] Training still running... checking again in 60s
  [15:46:19] Training still running... checking again in 60s
  [15:47:20] Training still running... checking again in 60s
  [15:48:20] Training still running... checking again in 60s
  [15:49:20] Training still running... checking again in 60s
  [15:50:20] Training still running... checking again in 60s
  [15:51:20] Training still running... checking again in 60s
  [15:52:20] Training still running... checking again in 60s
  [15:53:20] Training still running... checking again in 60s
  [15:54:20] Training still running... checking again in 60s
  [15:55:20] Training still running... checking again in 60s
  [15:56:20] Training still running... checking again in 60s
  [15:57:21] Training still running... checking again in 60s
  [15:58:21] Training still running... checking again in 60s
  [15:59:21] Training still running... checking again in 60s
  [16:00:21] Training still running... checking again in 60s
  [16:01:21] Training still running... checking again in 60s
  [16:02:21] Training still running... checking again in 60s
  [16:03:21] Training still running... checking again in 60s
  [16:04:21] Training still running... checking again in 60s
  [16:05:21] Training still running... checking again in 60s
  [16:06:21] Training still running... checking again in 60s
  [16:07:22] Training still running... checking again in 60s
  [16:08:22] Training still running... checking again in 60s
  [16:09:22] Training still running... checking again in 60s
  [16:10:22] Training still running... checking again in 60s
  [16:11:22] Training still running... checking again in 60s
  [16:12:22] Training still running... checking again in 60s
  [16:13:23] Training still running... checking again in 60s
  [16:14:23] Training still running... checking again in 60s
  [16:15:23] Training still running... checking again in 60s
  [16:16:23] Training still running... checking again in 60s
  [16:17:23] Training still running... checking again in 60s
  [16:18:23] Training still running... checking again in 60s
  [16:19:24] Training still running... checking again in 60s
  [16:20:24] Training still running... checking again in 60s
  [16:21:24] Training still running... checking again in 60s
  [16:22:24] Training still running... checking again in 60s
  [16:23:24] Training still running... checking again in 60s
  [16:24:24] Training still running... checking again in 60s
  [16:25:25] Training still running... checking again in 60s
  [16:26:25] Training still running... checking again in 60s
  [16:27:25] Training still running... checking again in 60s
  [16:28:25] Training still running... checking again in 60s
  [16:29:25] Training still running... checking again in 60s
  [16:30:25] Training still running... checking again in 60s
  [16:31:25] Training still running... checking again in 60s
  [16:32:25] Training still running... checking again in 60s
  [16:33:26] Training still running... checking again in 60s
  [16:34:26] Training still running... checking again in 60s
  [16:35:26] Training still running... checking again in 60s
  [16:36:26] Training still running... checking again in 60s
  [16:37:26] Training still running... checking again in 60s
  [16:38:26] Training still running... checking again in 60s
  [16:39:26] Training still running... checking again in 60s
  [16:40:27] Training still running... checking again in 60s
  [16:41:27] Training still running... checking again in 60s
  [16:42:27] Training still running... checking again in 60s
  [16:43:27] Training still running... checking again in 60s
  [16:44:27] Training still running... checking again in 60s
  [16:45:28] Training still running... checking again in 60s
  [16:46:28] Training still running... checking again in 60s
  [16:47:28] Training still running... checking again in 60s
  [16:48:28] Training still running... checking again in 60s
  [16:49:28] Training still running... checking again in 60s
  [16:50:28] Training still running... checking again in 60s
  [16:51:28] Training still running... checking again in 60s
  [16:52:29] Training still running... checking again in 60s
  [16:53:29] Training still running... checking again in 60s
  [16:54:29] Training still running... checking again in 60s
  [16:55:30] Training still running... checking again in 60s
  [16:56:30] Training still running... checking again in 60s
  [16:57:30] Training still running... checking again in 60s
  [16:58:30] Training still running... checking again in 60s
  [16:59:30] Training still running... checking again in 60s
  [17:00:30] Training still running... checking again in 60s
  [17:01:30] Training still running... checking again in 60s
  [17:02:30] Training process no longer found. Proceeding.

Original training completed.

Step 1: Backing up weights...
  ✓ best.pt backed up (5392702 bytes)
  ✓ last.pt backed up (5392702 bytes)
  Backups stored in: /Users/krys.petrie/dev/photo-pose-detector/training/runs/detect/runs/fiducial/fiducial-corner/weights/backups_50ep

Step 2: Exporting best.pt to ONNX...
Loading /Users/krys.petrie/dev/photo-pose-detector/training/runs/detect/runs/fiducial/fiducial-corner/weights/best.pt for ONNX export...
Exporting to ONNX...
Ultralytics 8.4.33 🚀 Python-3.12.3 torch-2.2.2 CPU (Intel Core i7-9750H 2.60GHz)
YOLO26n summary (fused): 122 layers, 2,375,616 parameters, 0 gradients, 5.2 GFLOPs

[34m[1mPyTorch:[0m starting from '/Users/krys.petrie/dev/photo-pose-detector/training/runs/detect/runs/fiducial/fiducial-corner/weights/best.pt' with input shape (1, 3, 640, 640) BCHW and output shape(s) (1, 300, 6) (5.1 MB)

[34m[1mONNX:[0m starting export with onnx 1.21.0 opset 17...
/usr/local/lib/python3.12/site-packages/torch/onnx/symbolic_opset9.py:5859: UserWarning: Exporting aten::index operator of advanced indexing in opset 17 is achieved by combination of multiple ONNX operators, including Reshape, Transpose, Concat, and Gather. If indices include negative values, the exported graph will produce incorrect results.
  warnings.warn(
[34m[1mONNX:[0m slimming with onnxslim 0.1.92...
[34m[1mONNX:[0m export success ✅ 3.9s, saved as '/Users/krys.petrie/dev/photo-pose-detector/training/runs/detect/runs/fiducial/fiducial-corner/weights/best.onnx' (9.4 MB)

Export complete (4.5s)
Results saved to [1m/Users/krys.petrie/dev/photo-pose-detector/training/runs/detect/runs/fiducial/fiducial-corner/weights[0m
Predict:         yolo predict task=detect model=/Users/krys.petrie/dev/photo-pose-detector/training/runs/detect/runs/fiducial/fiducial-corner/weights/best.onnx imgsz=640 
Validate:        yolo val task=detect model=/Users/krys.petrie/dev/photo-pose-detector/training/runs/detect/runs/fiducial/fiducial-corner/weights/best.onnx imgsz=640 data=/Users/krys.petrie/dev/photo-pose-detector/training/dataset_fiducial.yaml  
Visualize:       https://netron.app
ONNX export complete: /Users/krys.petrie/dev/photo-pose-detector/training/runs/detect/runs/fiducial/fiducial-corner/weights/best.onnx

Step 3: Verifying backups and ONNX export...
  ✓ best.pt backup exists
  ✓ last.pt backup exists
  ✓ best.onnx exists (9807441 bytes)

All verifications passed!

Step 4: Launching resume training to epoch 100...
  Resume training launched as PID 88557
  Log file: /Users/krys.petrie/dev/photo-pose-detector/training/resume_fiducial.log

============================================
AUTO-RESUME COMPLETE
============================================
Finished: Mon May 11 17:02:51 EDT 2026
